<?xml version="1.0" encoding="UTF-8"?>
<testng-results skipped="6" failed="0" ignored="0" total="6" passed="0">
  <reporter-output>
  </reporter-output>
  <suite name="Default suite" duration-ms="23077" started-at="2020-02-01T03:51:44Z" finished-at="2020-02-01T03:52:07Z">
    <groups>
      <group name="admin">
        <method signature="Frame.tc2_5()[pri:5, instance:p1.Frame@12cc05a]" name="tc2_5" class="p1.Frame"/>
      </group> <!-- admin -->
      <group name="login">
        <method signature="Frame.tc2_1()[pri:1, instance:p1.Frame@12cc05a]" name="tc2_1" class="p1.Frame"/>
        <method signature="Frame.tc2_2()[pri:2, instance:p1.Frame@12cc05a]" name="tc2_2" class="p1.Frame"/>
        <method signature="Frame.tc2_3()[pri:3, instance:p1.Frame@12cc05a]" name="tc2_3" class="p1.Frame"/>
        <method signature="Frame.tc2_4()[pri:4, instance:p1.Frame@12cc05a]" name="tc2_4" class="p1.Frame"/>
        <method signature="Frame.tc3_6()[pri:6, instance:p1.Frame@12cc05a]" name="tc3_6" class="p1.Frame"/>
      </group> <!-- login -->
    </groups>
    <test name="Default test" duration-ms="23077" started-at="2020-02-01T03:51:44Z" finished-at="2020-02-01T03:52:07Z">
      <class name="p1.Frame">
        <test-method status="FAIL" signature="beforeMethod()[pri:0, instance:p1.Frame@12cc05a]" name="beforeMethod" is-config="true" duration-ms="22873" started-at="2020-02-01T03:51:44Z" finished-at="2020-02-01T03:52:07Z">
          <exception class="org.openqa.selenium.SessionNotCreatedException">
            <message>
              <![CDATA[session not created
from disconnected: received Inspector.detached event
  (Session info: chrome=79.0.3945.130)
Build info: version: '3.141.59', revision: 'e82be7d358', time: '2018-11-14T08:25:53'
System info: host: 'QAP28-PC', ip: '192.168.0.126', os.name: 'Windows 7', os.arch: 'x86', os.version: '6.1', java.version: '1.8.0_112'
Driver info: driver.version: ChromeDriver
remote stacktrace: Backtrace:
Ordinal0 [0x0137A113+1548563]
Ordinal0 [0x012FDDA1+1039777]
Ordinal0 [0x0127E485+517253]
Ordinal0 [0x012770CB+487627]
Ordinal0 [0x01276CE9+486633]
Ordinal0 [0x012765E8+484840]
Ordinal0 [0x01275D33+482611]
Ordinal0 [0x01275F65+483173]
Ordinal0 [0x0128378B+538507]
Ordinal0 [0x0127FCEA+523498]
Ordinal0 [0x0127FA45+522821]
Ordinal0 [0x0127FF4F+524111]
Ordinal0 [0x01280150+524624]
Ordinal0 [0x0122C10A+180490]
Ordinal0 [0x0122B59D+177565]
Ordinal0 [0x012295FB+169467]
Ordinal0 [0x0121160A+71178]
Ordinal0 [0x01212690+75408]
Ordinal0 [0x01212629+75305]
Ordinal0 [0x013171B7+1143223]
GetHandleVerifier [0x01412B46+507814]
GetHandleVerifier [0x01412864+507076]
GetHandleVerifier [0x01419F47+537511]
GetHandleVerifier [0x01413402+510050]
Ordinal0 [0x0130F29C+1110684]
Ordinal0 [0x0131938B+1151883]
Ordinal0 [0x013194F3+1152243]
Ordinal0 [0x013183F5+1147893]
BaseThreadInitThunk [0x769FEF3C+18]
RtlInitializeExceptionChain [0x771C360C+239]
RtlInitializeExceptionChain [0x771C35DF+194]
]]>
            </message>
            <full-stacktrace>
              <![CDATA[org.openqa.selenium.SessionNotCreatedException: session not created
from disconnected: received Inspector.detached event
  (Session info: chrome=79.0.3945.130)
Build info: version: '3.141.59', revision: 'e82be7d358', time: '2018-11-14T08:25:53'
System info: host: 'QAP28-PC', ip: '192.168.0.126', os.name: 'Windows 7', os.arch: 'x86', os.version: '6.1', java.version: '1.8.0_112'
Driver info: driver.version: ChromeDriver
remote stacktrace: Backtrace:
Ordinal0 [0x0137A113+1548563]
Ordinal0 [0x012FDDA1+1039777]
Ordinal0 [0x0127E485+517253]
Ordinal0 [0x012770CB+487627]
Ordinal0 [0x01276CE9+486633]
Ordinal0 [0x012765E8+484840]
Ordinal0 [0x01275D33+482611]
Ordinal0 [0x01275F65+483173]
Ordinal0 [0x0128378B+538507]
Ordinal0 [0x0127FCEA+523498]
Ordinal0 [0x0127FA45+522821]
Ordinal0 [0x0127FF4F+524111]
Ordinal0 [0x01280150+524624]
Ordinal0 [0x0122C10A+180490]
Ordinal0 [0x0122B59D+177565]
Ordinal0 [0x012295FB+169467]
Ordinal0 [0x0121160A+71178]
Ordinal0 [0x01212690+75408]
Ordinal0 [0x01212629+75305]
Ordinal0 [0x013171B7+1143223]
GetHandleVerifier [0x01412B46+507814]
GetHandleVerifier [0x01412864+507076]
GetHandleVerifier [0x01419F47+537511]
GetHandleVerifier [0x01413402+510050]
Ordinal0 [0x0130F29C+1110684]
Ordinal0 [0x0131938B+1151883]
Ordinal0 [0x013194F3+1152243]
Ordinal0 [0x013183F5+1147893]
BaseThreadInitThunk [0x769FEF3C+18]
RtlInitializeExceptionChain [0x771C360C+239]
RtlInitializeExceptionChain [0x771C35DF+194]

at sun.reflect.NativeConstructorAccessorImpl.newInstance0(Native Method)
at sun.reflect.NativeConstructorAccessorImpl.newInstance(Unknown Source)
at sun.reflect.DelegatingConstructorAccessorImpl.newInstance(Unknown Source)
at java.lang.reflect.Constructor.newInstance(Unknown Source)
at org.openqa.selenium.remote.W3CHandshakeResponse.lambda$errorHandler$0(W3CHandshakeResponse.java:62)
at org.openqa.selenium.remote.HandshakeResponse.lambda$getResponseFunction$0(HandshakeResponse.java:30)
at org.openqa.selenium.remote.ProtocolHandshake.lambda$createSession$0(ProtocolHandshake.java:126)
at java.util.stream.ReferencePipeline$3$1.accept(Unknown Source)
at java.util.Spliterators$ArraySpliterator.tryAdvance(Unknown Source)
at java.util.stream.ReferencePipeline.forEachWithCancel(Unknown Source)
at java.util.stream.AbstractPipeline.copyIntoWithCancel(Unknown Source)
at java.util.stream.AbstractPipeline.copyInto(Unknown Source)
at java.util.stream.AbstractPipeline.wrapAndCopyInto(Unknown Source)
at java.util.stream.FindOps$FindOp.evaluateSequential(Unknown Source)
at java.util.stream.AbstractPipeline.evaluate(Unknown Source)
at java.util.stream.ReferencePipeline.findFirst(Unknown Source)
at org.openqa.selenium.remote.ProtocolHandshake.createSession(ProtocolHandshake.java:128)
at org.openqa.selenium.remote.ProtocolHandshake.createSession(ProtocolHandshake.java:74)
at org.openqa.selenium.remote.HttpCommandExecutor.execute(HttpCommandExecutor.java:136)
at org.openqa.selenium.remote.service.DriverCommandExecutor.execute(DriverCommandExecutor.java:83)
at org.openqa.selenium.remote.RemoteWebDriver.execute(RemoteWebDriver.java:552)
at org.openqa.selenium.remote.RemoteWebDriver.startSession(RemoteWebDriver.java:213)
at org.openqa.selenium.remote.RemoteWebDriver.<init>(RemoteWebDriver.java:131)
at org.openqa.selenium.chrome.ChromeDriver.<init>(ChromeDriver.java:181)
at org.openqa.selenium.chrome.ChromeDriver.<init>(ChromeDriver.java:168)
at org.openqa.selenium.chrome.ChromeDriver.<init>(ChromeDriver.java:123)
at p1.Frame.beforeMethod(Frame.java:103)
at sun.reflect.NativeMethodAccessorImpl.invoke0(Native Method)
at sun.reflect.NativeMethodAccessorImpl.invoke(Unknown Source)
at sun.reflect.DelegatingMethodAccessorImpl.invoke(Unknown Source)
at java.lang.reflect.Method.invoke(Unknown Source)
at org.testng.internal.MethodInvocationHelper.invokeMethod(MethodInvocationHelper.java:124)
at org.testng.internal.MethodInvocationHelper.invokeMethodConsideringTimeout(MethodInvocationHelper.java:59)
at org.testng.internal.Invoker.invokeConfigurationMethod(Invoker.java:455)
at org.testng.internal.Invoker.invokeConfigurations(Invoker.java:222)
at org.testng.internal.Invoker.invokeMethod(Invoker.java:520)
at org.testng.internal.Invoker.invokeTestMethod(Invoker.java:716)
at org.testng.internal.Invoker.invokeTestMethods(Invoker.java:988)
at org.testng.internal.TestMethodWorker.invokeTestMethods(TestMethodWorker.java:125)
at org.testng.internal.TestMethodWorker.run(TestMethodWorker.java:109)
at org.testng.TestRunner.privateRun(TestRunner.java:648)
at org.testng.TestRunner.run(TestRunner.java:505)
at org.testng.SuiteRunner.runTest(SuiteRunner.java:455)
at org.testng.SuiteRunner.runSequentially(SuiteRunner.java:450)
at org.testng.SuiteRunner.privateRun(SuiteRunner.java:415)
at org.testng.SuiteRunner.run(SuiteRunner.java:364)
at org.testng.SuiteRunnerWorker.runSuite(SuiteRunnerWorker.java:52)
at org.testng.SuiteRunnerWorker.run(SuiteRunnerWorker.java:84)
at org.testng.TestNG.runSuitesSequentially(TestNG.java:1208)
at org.testng.TestNG.runSuitesLocally(TestNG.java:1137)
at org.testng.TestNG.runSuites(TestNG.java:1049)
at org.testng.TestNG.run(TestNG.java:1017)
at org.testng.remote.AbstractRemoteTestNG.run(AbstractRemoteTestNG.java:114)
at org.testng.remote.RemoteTestNG.initAndRun(RemoteTestNG.java:251)
at org.testng.remote.RemoteTestNG.main(RemoteTestNG.java:77)
]]>
            </full-stacktrace>
          </exception> <!-- org.openqa.selenium.SessionNotCreatedException -->
          <reporter-output>
          </reporter-output>
        </test-method> <!-- beforeMethod -->
        <test-method status="SKIP" signature="tc2_1()[pri:1, instance:p1.Frame@12cc05a]" name="tc2_1" duration-ms="0" started-at="2020-02-01T03:52:07Z" finished-at="2020-02-01T03:52:07Z">
          <exception class="org.openqa.selenium.SessionNotCreatedException">
            <message>
              <![CDATA[session not created
from disconnected: received Inspector.detached event
  (Session info: chrome=79.0.3945.130)
Build info: version: '3.141.59', revision: 'e82be7d358', time: '2018-11-14T08:25:53'
System info: host: 'QAP28-PC', ip: '192.168.0.126', os.name: 'Windows 7', os.arch: 'x86', os.version: '6.1', java.version: '1.8.0_112'
Driver info: driver.version: ChromeDriver
remote stacktrace: Backtrace:
Ordinal0 [0x0137A113+1548563]
Ordinal0 [0x012FDDA1+1039777]
Ordinal0 [0x0127E485+517253]
Ordinal0 [0x012770CB+487627]
Ordinal0 [0x01276CE9+486633]
Ordinal0 [0x012765E8+484840]
Ordinal0 [0x01275D33+482611]
Ordinal0 [0x01275F65+483173]
Ordinal0 [0x0128378B+538507]
Ordinal0 [0x0127FCEA+523498]
Ordinal0 [0x0127FA45+522821]
Ordinal0 [0x0127FF4F+524111]
Ordinal0 [0x01280150+524624]
Ordinal0 [0x0122C10A+180490]
Ordinal0 [0x0122B59D+177565]
Ordinal0 [0x012295FB+169467]
Ordinal0 [0x0121160A+71178]
Ordinal0 [0x01212690+75408]
Ordinal0 [0x01212629+75305]
Ordinal0 [0x013171B7+1143223]
GetHandleVerifier [0x01412B46+507814]
GetHandleVerifier [0x01412864+507076]
GetHandleVerifier [0x01419F47+537511]
GetHandleVerifier [0x01413402+510050]
Ordinal0 [0x0130F29C+1110684]
Ordinal0 [0x0131938B+1151883]
Ordinal0 [0x013194F3+1152243]
Ordinal0 [0x013183F5+1147893]
BaseThreadInitThunk [0x769FEF3C+18]
RtlInitializeExceptionChain [0x771C360C+239]
RtlInitializeExceptionChain [0x771C35DF+194]
]]>
            </message>
            <full-stacktrace>
              <![CDATA[org.openqa.selenium.SessionNotCreatedException: session not created
from disconnected: received Inspector.detached event
  (Session info: chrome=79.0.3945.130)
Build info: version: '3.141.59', revision: 'e82be7d358', time: '2018-11-14T08:25:53'
System info: host: 'QAP28-PC', ip: '192.168.0.126', os.name: 'Windows 7', os.arch: 'x86', os.version: '6.1', java.version: '1.8.0_112'
Driver info: driver.version: ChromeDriver
remote stacktrace: Backtrace:
Ordinal0 [0x0137A113+1548563]
Ordinal0 [0x012FDDA1+1039777]
Ordinal0 [0x0127E485+517253]
Ordinal0 [0x012770CB+487627]
Ordinal0 [0x01276CE9+486633]
Ordinal0 [0x012765E8+484840]
Ordinal0 [0x01275D33+482611]
Ordinal0 [0x01275F65+483173]
Ordinal0 [0x0128378B+538507]
Ordinal0 [0x0127FCEA+523498]
Ordinal0 [0x0127FA45+522821]
Ordinal0 [0x0127FF4F+524111]
Ordinal0 [0x01280150+524624]
Ordinal0 [0x0122C10A+180490]
Ordinal0 [0x0122B59D+177565]
Ordinal0 [0x012295FB+169467]
Ordinal0 [0x0121160A+71178]
Ordinal0 [0x01212690+75408]
Ordinal0 [0x01212629+75305]
Ordinal0 [0x013171B7+1143223]
GetHandleVerifier [0x01412B46+507814]
GetHandleVerifier [0x01412864+507076]
GetHandleVerifier [0x01419F47+537511]
GetHandleVerifier [0x01413402+510050]
Ordinal0 [0x0130F29C+1110684]
Ordinal0 [0x0131938B+1151883]
Ordinal0 [0x013194F3+1152243]
Ordinal0 [0x013183F5+1147893]
BaseThreadInitThunk [0x769FEF3C+18]
RtlInitializeExceptionChain [0x771C360C+239]
RtlInitializeExceptionChain [0x771C35DF+194]

at sun.reflect.NativeConstructorAccessorImpl.newInstance0(Native Method)
at sun.reflect.NativeConstructorAccessorImpl.newInstance(Unknown Source)
at sun.reflect.DelegatingConstructorAccessorImpl.newInstance(Unknown Source)
at java.lang.reflect.Constructor.newInstance(Unknown Source)
at org.openqa.selenium.remote.W3CHandshakeResponse.lambda$errorHandler$0(W3CHandshakeResponse.java:62)
at org.openqa.selenium.remote.HandshakeResponse.lambda$getResponseFunction$0(HandshakeResponse.java:30)
at org.openqa.selenium.remote.ProtocolHandshake.lambda$createSession$0(ProtocolHandshake.java:126)
at java.util.stream.ReferencePipeline$3$1.accept(Unknown Source)
at java.util.Spliterators$ArraySpliterator.tryAdvance(Unknown Source)
at java.util.stream.ReferencePipeline.forEachWithCancel(Unknown Source)
at java.util.stream.AbstractPipeline.copyIntoWithCancel(Unknown Source)
at java.util.stream.AbstractPipeline.copyInto(Unknown Source)
at java.util.stream.AbstractPipeline.wrapAndCopyInto(Unknown Source)
at java.util.stream.FindOps$FindOp.evaluateSequential(Unknown Source)
at java.util.stream.AbstractPipeline.evaluate(Unknown Source)
at java.util.stream.ReferencePipeline.findFirst(Unknown Source)
at org.openqa.selenium.remote.ProtocolHandshake.createSession(ProtocolHandshake.java:128)
at org.openqa.selenium.remote.ProtocolHandshake.createSession(ProtocolHandshake.java:74)
at org.openqa.selenium.remote.HttpCommandExecutor.execute(HttpCommandExecutor.java:136)
at org.openqa.selenium.remote.service.DriverCommandExecutor.execute(DriverCommandExecutor.java:83)
at org.openqa.selenium.remote.RemoteWebDriver.execute(RemoteWebDriver.java:552)
at org.openqa.selenium.remote.RemoteWebDriver.startSession(RemoteWebDriver.java:213)
at org.openqa.selenium.remote.RemoteWebDriver.<init>(RemoteWebDriver.java:131)
at org.openqa.selenium.chrome.ChromeDriver.<init>(ChromeDriver.java:181)
at org.openqa.selenium.chrome.ChromeDriver.<init>(ChromeDriver.java:168)
at org.openqa.selenium.chrome.ChromeDriver.<init>(ChromeDriver.java:123)
at p1.Frame.beforeMethod(Frame.java:103)
at sun.reflect.NativeMethodAccessorImpl.invoke0(Native Method)
at sun.reflect.NativeMethodAccessorImpl.invoke(Unknown Source)
at sun.reflect.DelegatingMethodAccessorImpl.invoke(Unknown Source)
at java.lang.reflect.Method.invoke(Unknown Source)
at org.testng.internal.MethodInvocationHelper.invokeMethod(MethodInvocationHelper.java:124)
at org.testng.internal.MethodInvocationHelper.invokeMethodConsideringTimeout(MethodInvocationHelper.java:59)
at org.testng.internal.Invoker.invokeConfigurationMethod(Invoker.java:455)
at org.testng.internal.Invoker.invokeConfigurations(Invoker.java:222)
at org.testng.internal.Invoker.invokeMethod(Invoker.java:520)
at org.testng.internal.Invoker.invokeTestMethod(Invoker.java:716)
at org.testng.internal.Invoker.invokeTestMethods(Invoker.java:988)
at org.testng.internal.TestMethodWorker.invokeTestMethods(TestMethodWorker.java:125)
at org.testng.internal.TestMethodWorker.run(TestMethodWorker.java:109)
at org.testng.TestRunner.privateRun(TestRunner.java:648)
at org.testng.TestRunner.run(TestRunner.java:505)
at org.testng.SuiteRunner.runTest(SuiteRunner.java:455)
at org.testng.SuiteRunner.runSequentially(SuiteRunner.java:450)
at org.testng.SuiteRunner.privateRun(SuiteRunner.java:415)
at org.testng.SuiteRunner.run(SuiteRunner.java:364)
at org.testng.SuiteRunnerWorker.runSuite(SuiteRunnerWorker.java:52)
at org.testng.SuiteRunnerWorker.run(SuiteRunnerWorker.java:84)
at org.testng.TestNG.runSuitesSequentially(TestNG.java:1208)
at org.testng.TestNG.runSuitesLocally(TestNG.java:1137)
at org.testng.TestNG.runSuites(TestNG.java:1049)
at org.testng.TestNG.run(TestNG.java:1017)
at org.testng.remote.AbstractRemoteTestNG.run(AbstractRemoteTestNG.java:114)
at org.testng.remote.RemoteTestNG.initAndRun(RemoteTestNG.java:251)
at org.testng.remote.RemoteTestNG.main(RemoteTestNG.java:77)
]]>
            </full-stacktrace>
          </exception> <!-- org.openqa.selenium.SessionNotCreatedException -->
          <reporter-output>
          </reporter-output>
        </test-method> <!-- tc2_1 -->
        <test-method status="SKIP" signature="beforeMethod()[pri:0, instance:p1.Frame@12cc05a]" name="beforeMethod" is-config="true" duration-ms="0" started-at="2020-02-01T03:52:07Z" finished-at="2020-02-01T03:52:07Z">
          <reporter-output>
          </reporter-output>
        </test-method> <!-- beforeMethod -->
        <test-method status="SKIP" signature="tc2_3()[pri:3, instance:p1.Frame@12cc05a]" name="tc2_3" duration-ms="0" started-at="2020-02-01T03:52:07Z" finished-at="2020-02-01T03:52:07Z">
          <exception class="org.openqa.selenium.SessionNotCreatedException">
            <message>
              <![CDATA[session not created
from disconnected: received Inspector.detached event
  (Session info: chrome=79.0.3945.130)
Build info: version: '3.141.59', revision: 'e82be7d358', time: '2018-11-14T08:25:53'
System info: host: 'QAP28-PC', ip: '192.168.0.126', os.name: 'Windows 7', os.arch: 'x86', os.version: '6.1', java.version: '1.8.0_112'
Driver info: driver.version: ChromeDriver
remote stacktrace: Backtrace:
Ordinal0 [0x0137A113+1548563]
Ordinal0 [0x012FDDA1+1039777]
Ordinal0 [0x0127E485+517253]
Ordinal0 [0x012770CB+487627]
Ordinal0 [0x01276CE9+486633]
Ordinal0 [0x012765E8+484840]
Ordinal0 [0x01275D33+482611]
Ordinal0 [0x01275F65+483173]
Ordinal0 [0x0128378B+538507]
Ordinal0 [0x0127FCEA+523498]
Ordinal0 [0x0127FA45+522821]
Ordinal0 [0x0127FF4F+524111]
Ordinal0 [0x01280150+524624]
Ordinal0 [0x0122C10A+180490]
Ordinal0 [0x0122B59D+177565]
Ordinal0 [0x012295FB+169467]
Ordinal0 [0x0121160A+71178]
Ordinal0 [0x01212690+75408]
Ordinal0 [0x01212629+75305]
Ordinal0 [0x013171B7+1143223]
GetHandleVerifier [0x01412B46+507814]
GetHandleVerifier [0x01412864+507076]
GetHandleVerifier [0x01419F47+537511]
GetHandleVerifier [0x01413402+510050]
Ordinal0 [0x0130F29C+1110684]
Ordinal0 [0x0131938B+1151883]
Ordinal0 [0x013194F3+1152243]
Ordinal0 [0x013183F5+1147893]
BaseThreadInitThunk [0x769FEF3C+18]
RtlInitializeExceptionChain [0x771C360C+239]
RtlInitializeExceptionChain [0x771C35DF+194]
]]>
            </message>
            <full-stacktrace>
              <![CDATA[org.openqa.selenium.SessionNotCreatedException: session not created
from disconnected: received Inspector.detached event
  (Session info: chrome=79.0.3945.130)
Build info: version: '3.141.59', revision: 'e82be7d358', time: '2018-11-14T08:25:53'
System info: host: 'QAP28-PC', ip: '192.168.0.126', os.name: 'Windows 7', os.arch: 'x86', os.version: '6.1', java.version: '1.8.0_112'
Driver info: driver.version: ChromeDriver
remote stacktrace: Backtrace:
Ordinal0 [0x0137A113+1548563]
Ordinal0 [0x012FDDA1+1039777]
Ordinal0 [0x0127E485+517253]
Ordinal0 [0x012770CB+487627]
Ordinal0 [0x01276CE9+486633]
Ordinal0 [0x012765E8+484840]
Ordinal0 [0x01275D33+482611]
Ordinal0 [0x01275F65+483173]
Ordinal0 [0x0128378B+538507]
Ordinal0 [0x0127FCEA+523498]
Ordinal0 [0x0127FA45+522821]
Ordinal0 [0x0127FF4F+524111]
Ordinal0 [0x01280150+524624]
Ordinal0 [0x0122C10A+180490]
Ordinal0 [0x0122B59D+177565]
Ordinal0 [0x012295FB+169467]
Ordinal0 [0x0121160A+71178]
Ordinal0 [0x01212690+75408]
Ordinal0 [0x01212629+75305]
Ordinal0 [0x013171B7+1143223]
GetHandleVerifier [0x01412B46+507814]
GetHandleVerifier [0x01412864+507076]
GetHandleVerifier [0x01419F47+537511]
GetHandleVerifier [0x01413402+510050]
Ordinal0 [0x0130F29C+1110684]
Ordinal0 [0x0131938B+1151883]
Ordinal0 [0x013194F3+1152243]
Ordinal0 [0x013183F5+1147893]
BaseThreadInitThunk [0x769FEF3C+18]
RtlInitializeExceptionChain [0x771C360C+239]
RtlInitializeExceptionChain [0x771C35DF+194]

at sun.reflect.NativeConstructorAccessorImpl.newInstance0(Native Method)
at sun.reflect.NativeConstructorAccessorImpl.newInstance(Unknown Source)
at sun.reflect.DelegatingConstructorAccessorImpl.newInstance(Unknown Source)
at java.lang.reflect.Constructor.newInstance(Unknown Source)
at org.openqa.selenium.remote.W3CHandshakeResponse.lambda$errorHandler$0(W3CHandshakeResponse.java:62)
at org.openqa.selenium.remote.HandshakeResponse.lambda$getResponseFunction$0(HandshakeResponse.java:30)
at org.openqa.selenium.remote.ProtocolHandshake.lambda$createSession$0(ProtocolHandshake.java:126)
at java.util.stream.ReferencePipeline$3$1.accept(Unknown Source)
at java.util.Spliterators$ArraySpliterator.tryAdvance(Unknown Source)
at java.util.stream.ReferencePipeline.forEachWithCancel(Unknown Source)
at java.util.stream.AbstractPipeline.copyIntoWithCancel(Unknown Source)
at java.util.stream.AbstractPipeline.copyInto(Unknown Source)
at java.util.stream.AbstractPipeline.wrapAndCopyInto(Unknown Source)
at java.util.stream.FindOps$FindOp.evaluateSequential(Unknown Source)
at java.util.stream.AbstractPipeline.evaluate(Unknown Source)
at java.util.stream.ReferencePipeline.findFirst(Unknown Source)
at org.openqa.selenium.remote.ProtocolHandshake.createSession(ProtocolHandshake.java:128)
at org.openqa.selenium.remote.ProtocolHandshake.createSession(ProtocolHandshake.java:74)
at org.openqa.selenium.remote.HttpCommandExecutor.execute(HttpCommandExecutor.java:136)
at org.openqa.selenium.remote.service.DriverCommandExecutor.execute(DriverCommandExecutor.java:83)
at org.openqa.selenium.remote.RemoteWebDriver.execute(RemoteWebDriver.java:552)
at org.openqa.selenium.remote.RemoteWebDriver.startSession(RemoteWebDriver.java:213)
at org.openqa.selenium.remote.RemoteWebDriver.<init>(RemoteWebDriver.java:131)
at org.openqa.selenium.chrome.ChromeDriver.<init>(ChromeDriver.java:181)
at org.openqa.selenium.chrome.ChromeDriver.<init>(ChromeDriver.java:168)
at org.openqa.selenium.chrome.ChromeDriver.<init>(ChromeDriver.java:123)
at p1.Frame.beforeMethod(Frame.java:103)
at sun.reflect.NativeMethodAccessorImpl.invoke0(Native Method)
at sun.reflect.NativeMethodAccessorImpl.invoke(Unknown Source)
at sun.reflect.DelegatingMethodAccessorImpl.invoke(Unknown Source)
at java.lang.reflect.Method.invoke(Unknown Source)
at org.testng.internal.MethodInvocationHelper.invokeMethod(MethodInvocationHelper.java:124)
at org.testng.internal.MethodInvocationHelper.invokeMethodConsideringTimeout(MethodInvocationHelper.java:59)
at org.testng.internal.Invoker.invokeConfigurationMethod(Invoker.java:455)
at org.testng.internal.Invoker.invokeConfigurations(Invoker.java:222)
at org.testng.internal.Invoker.invokeMethod(Invoker.java:520)
at org.testng.internal.Invoker.invokeTestMethod(Invoker.java:716)
at org.testng.internal.Invoker.invokeTestMethods(Invoker.java:988)
at org.testng.internal.TestMethodWorker.invokeTestMethods(TestMethodWorker.java:125)
at org.testng.internal.TestMethodWorker.run(TestMethodWorker.java:109)
at org.testng.TestRunner.privateRun(TestRunner.java:648)
at org.testng.TestRunner.run(TestRunner.java:505)
at org.testng.SuiteRunner.runTest(SuiteRunner.java:455)
at org.testng.SuiteRunner.runSequentially(SuiteRunner.java:450)
at org.testng.SuiteRunner.privateRun(SuiteRunner.java:415)
at org.testng.SuiteRunner.run(SuiteRunner.java:364)
at org.testng.SuiteRunnerWorker.runSuite(SuiteRunnerWorker.java:52)
at org.testng.SuiteRunnerWorker.run(SuiteRunnerWorker.java:84)
at org.testng.TestNG.runSuitesSequentially(TestNG.java:1208)
at org.testng.TestNG.runSuitesLocally(TestNG.java:1137)
at org.testng.TestNG.runSuites(TestNG.java:1049)
at org.testng.TestNG.run(TestNG.java:1017)
at org.testng.remote.AbstractRemoteTestNG.run(AbstractRemoteTestNG.java:114)
at org.testng.remote.RemoteTestNG.initAndRun(RemoteTestNG.java:251)
at org.testng.remote.RemoteTestNG.main(RemoteTestNG.java:77)
]]>
            </full-stacktrace>
          </exception> <!-- org.openqa.selenium.SessionNotCreatedException -->
          <reporter-output>
          </reporter-output>
        </test-method> <!-- tc2_3 -->
        <test-method status="SKIP" signature="afterMethod()[pri:0, instance:p1.Frame@12cc05a]" name="afterMethod" is-config="true" duration-ms="0" started-at="2020-02-01T03:52:07Z" finished-at="2020-02-01T03:52:07Z">
          <reporter-output>
          </reporter-output>
        </test-method> <!-- afterMethod -->
        <test-method status="SKIP" signature="beforeMethod()[pri:0, instance:p1.Frame@12cc05a]" name="beforeMethod" is-config="true" duration-ms="0" started-at="2020-02-01T03:52:07Z" finished-at="2020-02-01T03:52:07Z">
          <reporter-output>
          </reporter-output>
        </test-method> <!-- beforeMethod -->
        <test-method status="SKIP" signature="afterMethod()[pri:0, instance:p1.Frame@12cc05a]" name="afterMethod" is-config="true" duration-ms="0" started-at="2020-02-01T03:52:07Z" finished-at="2020-02-01T03:52:07Z">
          <reporter-output>
          </reporter-output>
        </test-method> <!-- afterMethod -->
        <test-method status="SKIP" signature="tc2_2()[pri:2, instance:p1.Frame@12cc05a]" name="tc2_2" duration-ms="0" started-at="2020-02-01T03:52:07Z" finished-at="2020-02-01T03:52:07Z">
          <exception class="org.openqa.selenium.SessionNotCreatedException">
            <message>
              <![CDATA[session not created
from disconnected: received Inspector.detached event
  (Session info: chrome=79.0.3945.130)
Build info: version: '3.141.59', revision: 'e82be7d358', time: '2018-11-14T08:25:53'
System info: host: 'QAP28-PC', ip: '192.168.0.126', os.name: 'Windows 7', os.arch: 'x86', os.version: '6.1', java.version: '1.8.0_112'
Driver info: driver.version: ChromeDriver
remote stacktrace: Backtrace:
Ordinal0 [0x0137A113+1548563]
Ordinal0 [0x012FDDA1+1039777]
Ordinal0 [0x0127E485+517253]
Ordinal0 [0x012770CB+487627]
Ordinal0 [0x01276CE9+486633]
Ordinal0 [0x012765E8+484840]
Ordinal0 [0x01275D33+482611]
Ordinal0 [0x01275F65+483173]
Ordinal0 [0x0128378B+538507]
Ordinal0 [0x0127FCEA+523498]
Ordinal0 [0x0127FA45+522821]
Ordinal0 [0x0127FF4F+524111]
Ordinal0 [0x01280150+524624]
Ordinal0 [0x0122C10A+180490]
Ordinal0 [0x0122B59D+177565]
Ordinal0 [0x012295FB+169467]
Ordinal0 [0x0121160A+71178]
Ordinal0 [0x01212690+75408]
Ordinal0 [0x01212629+75305]
Ordinal0 [0x013171B7+1143223]
GetHandleVerifier [0x01412B46+507814]
GetHandleVerifier [0x01412864+507076]
GetHandleVerifier [0x01419F47+537511]
GetHandleVerifier [0x01413402+510050]
Ordinal0 [0x0130F29C+1110684]
Ordinal0 [0x0131938B+1151883]
Ordinal0 [0x013194F3+1152243]
Ordinal0 [0x013183F5+1147893]
BaseThreadInitThunk [0x769FEF3C+18]
RtlInitializeExceptionChain [0x771C360C+239]
RtlInitializeExceptionChain [0x771C35DF+194]
]]>
            </message>
            <full-stacktrace>
              <![CDATA[org.openqa.selenium.SessionNotCreatedException: session not created
from disconnected: received Inspector.detached event
  (Session info: chrome=79.0.3945.130)
Build info: version: '3.141.59', revision: 'e82be7d358', time: '2018-11-14T08:25:53'
System info: host: 'QAP28-PC', ip: '192.168.0.126', os.name: 'Windows 7', os.arch: 'x86', os.version: '6.1', java.version: '1.8.0_112'
Driver info: driver.version: ChromeDriver
remote stacktrace: Backtrace:
Ordinal0 [0x0137A113+1548563]
Ordinal0 [0x012FDDA1+1039777]
Ordinal0 [0x0127E485+517253]
Ordinal0 [0x012770CB+487627]
Ordinal0 [0x01276CE9+486633]
Ordinal0 [0x012765E8+484840]
Ordinal0 [0x01275D33+482611]
Ordinal0 [0x01275F65+483173]
Ordinal0 [0x0128378B+538507]
Ordinal0 [0x0127FCEA+523498]
Ordinal0 [0x0127FA45+522821]
Ordinal0 [0x0127FF4F+524111]
Ordinal0 [0x01280150+524624]
Ordinal0 [0x0122C10A+180490]
Ordinal0 [0x0122B59D+177565]
Ordinal0 [0x012295FB+169467]
Ordinal0 [0x0121160A+71178]
Ordinal0 [0x01212690+75408]
Ordinal0 [0x01212629+75305]
Ordinal0 [0x013171B7+1143223]
GetHandleVerifier [0x01412B46+507814]
GetHandleVerifier [0x01412864+507076]
GetHandleVerifier [0x01419F47+537511]
GetHandleVerifier [0x01413402+510050]
Ordinal0 [0x0130F29C+1110684]
Ordinal0 [0x0131938B+1151883]
Ordinal0 [0x013194F3+1152243]
Ordinal0 [0x013183F5+1147893]
BaseThreadInitThunk [0x769FEF3C+18]
RtlInitializeExceptionChain [0x771C360C+239]
RtlInitializeExceptionChain [0x771C35DF+194]

at sun.reflect.NativeConstructorAccessorImpl.newInstance0(Native Method)
at sun.reflect.NativeConstructorAccessorImpl.newInstance(Unknown Source)
at sun.reflect.DelegatingConstructorAccessorImpl.newInstance(Unknown Source)
at java.lang.reflect.Constructor.newInstance(Unknown Source)
at org.openqa.selenium.remote.W3CHandshakeResponse.lambda$errorHandler$0(W3CHandshakeResponse.java:62)
at org.openqa.selenium.remote.HandshakeResponse.lambda$getResponseFunction$0(HandshakeResponse.java:30)
at org.openqa.selenium.remote.ProtocolHandshake.lambda$createSession$0(ProtocolHandshake.java:126)
at java.util.stream.ReferencePipeline$3$1.accept(Unknown Source)
at java.util.Spliterators$ArraySpliterator.tryAdvance(Unknown Source)
at java.util.stream.ReferencePipeline.forEachWithCancel(Unknown Source)
at java.util.stream.AbstractPipeline.copyIntoWithCancel(Unknown Source)
at java.util.stream.AbstractPipeline.copyInto(Unknown Source)
at java.util.stream.AbstractPipeline.wrapAndCopyInto(Unknown Source)
at java.util.stream.FindOps$FindOp.evaluateSequential(Unknown Source)
at java.util.stream.AbstractPipeline.evaluate(Unknown Source)
at java.util.stream.ReferencePipeline.findFirst(Unknown Source)
at org.openqa.selenium.remote.ProtocolHandshake.createSession(ProtocolHandshake.java:128)
at org.openqa.selenium.remote.ProtocolHandshake.createSession(ProtocolHandshake.java:74)
at org.openqa.selenium.remote.HttpCommandExecutor.execute(HttpCommandExecutor.java:136)
at org.openqa.selenium.remote.service.DriverCommandExecutor.execute(DriverCommandExecutor.java:83)
at org.openqa.selenium.remote.RemoteWebDriver.execute(RemoteWebDriver.java:552)
at org.openqa.selenium.remote.RemoteWebDriver.startSession(RemoteWebDriver.java:213)
at org.openqa.selenium.remote.RemoteWebDriver.<init>(RemoteWebDriver.java:131)
at org.openqa.selenium.chrome.ChromeDriver.<init>(ChromeDriver.java:181)
at org.openqa.selenium.chrome.ChromeDriver.<init>(ChromeDriver.java:168)
at org.openqa.selenium.chrome.ChromeDriver.<init>(ChromeDriver.java:123)
at p1.Frame.beforeMethod(Frame.java:103)
at sun.reflect.NativeMethodAccessorImpl.invoke0(Native Method)
at sun.reflect.NativeMethodAccessorImpl.invoke(Unknown Source)
at sun.reflect.DelegatingMethodAccessorImpl.invoke(Unknown Source)
at java.lang.reflect.Method.invoke(Unknown Source)
at org.testng.internal.MethodInvocationHelper.invokeMethod(MethodInvocationHelper.java:124)
at org.testng.internal.MethodInvocationHelper.invokeMethodConsideringTimeout(MethodInvocationHelper.java:59)
at org.testng.internal.Invoker.invokeConfigurationMethod(Invoker.java:455)
at org.testng.internal.Invoker.invokeConfigurations(Invoker.java:222)
at org.testng.internal.Invoker.invokeMethod(Invoker.java:520)
at org.testng.internal.Invoker.invokeTestMethod(Invoker.java:716)
at org.testng.internal.Invoker.invokeTestMethods(Invoker.java:988)
at org.testng.internal.TestMethodWorker.invokeTestMethods(TestMethodWorker.java:125)
at org.testng.internal.TestMethodWorker.run(TestMethodWorker.java:109)
at org.testng.TestRunner.privateRun(TestRunner.java:648)
at org.testng.TestRunner.run(TestRunner.java:505)
at org.testng.SuiteRunner.runTest(SuiteRunner.java:455)
at org.testng.SuiteRunner.runSequentially(SuiteRunner.java:450)
at org.testng.SuiteRunner.privateRun(SuiteRunner.java:415)
at org.testng.SuiteRunner.run(SuiteRunner.java:364)
at org.testng.SuiteRunnerWorker.runSuite(SuiteRunnerWorker.java:52)
at org.testng.SuiteRunnerWorker.run(SuiteRunnerWorker.java:84)
at org.testng.TestNG.runSuitesSequentially(TestNG.java:1208)
at org.testng.TestNG.runSuitesLocally(TestNG.java:1137)
at org.testng.TestNG.runSuites(TestNG.java:1049)
at org.testng.TestNG.run(TestNG.java:1017)
at org.testng.remote.AbstractRemoteTestNG.run(AbstractRemoteTestNG.java:114)
at org.testng.remote.RemoteTestNG.initAndRun(RemoteTestNG.java:251)
at org.testng.remote.RemoteTestNG.main(RemoteTestNG.java:77)
]]>
            </full-stacktrace>
          </exception> <!-- org.openqa.selenium.SessionNotCreatedException -->
          <reporter-output>
          </reporter-output>
        </test-method> <!-- tc2_2 -->
        <test-method status="SKIP" signature="beforeMethod()[pri:0, instance:p1.Frame@12cc05a]" name="beforeMethod" is-config="true" duration-ms="0" started-at="2020-02-01T03:52:07Z" finished-at="2020-02-01T03:52:07Z">
          <reporter-output>
          </reporter-output>
        </test-method> <!-- beforeMethod -->
        <test-method status="SKIP" signature="tc2_4()[pri:4, instance:p1.Frame@12cc05a]" name="tc2_4" duration-ms="0" started-at="2020-02-01T03:52:07Z" finished-at="2020-02-01T03:52:07Z">
          <exception class="org.openqa.selenium.SessionNotCreatedException">
            <message>
              <![CDATA[session not created
from disconnected: received Inspector.detached event
  (Session info: chrome=79.0.3945.130)
Build info: version: '3.141.59', revision: 'e82be7d358', time: '2018-11-14T08:25:53'
System info: host: 'QAP28-PC', ip: '192.168.0.126', os.name: 'Windows 7', os.arch: 'x86', os.version: '6.1', java.version: '1.8.0_112'
Driver info: driver.version: ChromeDriver
remote stacktrace: Backtrace:
Ordinal0 [0x0137A113+1548563]
Ordinal0 [0x012FDDA1+1039777]
Ordinal0 [0x0127E485+517253]
Ordinal0 [0x012770CB+487627]
Ordinal0 [0x01276CE9+486633]
Ordinal0 [0x012765E8+484840]
Ordinal0 [0x01275D33+482611]
Ordinal0 [0x01275F65+483173]
Ordinal0 [0x0128378B+538507]
Ordinal0 [0x0127FCEA+523498]
Ordinal0 [0x0127FA45+522821]
Ordinal0 [0x0127FF4F+524111]
Ordinal0 [0x01280150+524624]
Ordinal0 [0x0122C10A+180490]
Ordinal0 [0x0122B59D+177565]
Ordinal0 [0x012295FB+169467]
Ordinal0 [0x0121160A+71178]
Ordinal0 [0x01212690+75408]
Ordinal0 [0x01212629+75305]
Ordinal0 [0x013171B7+1143223]
GetHandleVerifier [0x01412B46+507814]
GetHandleVerifier [0x01412864+507076]
GetHandleVerifier [0x01419F47+537511]
GetHandleVerifier [0x01413402+510050]
Ordinal0 [0x0130F29C+1110684]
Ordinal0 [0x0131938B+1151883]
Ordinal0 [0x013194F3+1152243]
Ordinal0 [0x013183F5+1147893]
BaseThreadInitThunk [0x769FEF3C+18]
RtlInitializeExceptionChain [0x771C360C+239]
RtlInitializeExceptionChain [0x771C35DF+194]
]]>
            </message>
            <full-stacktrace>
              <![CDATA[org.openqa.selenium.SessionNotCreatedException: session not created
from disconnected: received Inspector.detached event
  (Session info: chrome=79.0.3945.130)
Build info: version: '3.141.59', revision: 'e82be7d358', time: '2018-11-14T08:25:53'
System info: host: 'QAP28-PC', ip: '192.168.0.126', os.name: 'Windows 7', os.arch: 'x86', os.version: '6.1', java.version: '1.8.0_112'
Driver info: driver.version: ChromeDriver
remote stacktrace: Backtrace:
Ordinal0 [0x0137A113+1548563]
Ordinal0 [0x012FDDA1+1039777]
Ordinal0 [0x0127E485+517253]
Ordinal0 [0x012770CB+487627]
Ordinal0 [0x01276CE9+486633]
Ordinal0 [0x012765E8+484840]
Ordinal0 [0x01275D33+482611]
Ordinal0 [0x01275F65+483173]
Ordinal0 [0x0128378B+538507]
Ordinal0 [0x0127FCEA+523498]
Ordinal0 [0x0127FA45+522821]
Ordinal0 [0x0127FF4F+524111]
Ordinal0 [0x01280150+524624]
Ordinal0 [0x0122C10A+180490]
Ordinal0 [0x0122B59D+177565]
Ordinal0 [0x012295FB+169467]
Ordinal0 [0x0121160A+71178]
Ordinal0 [0x01212690+75408]
Ordinal0 [0x01212629+75305]
Ordinal0 [0x013171B7+1143223]
GetHandleVerifier [0x01412B46+507814]
GetHandleVerifier [0x01412864+507076]
GetHandleVerifier [0x01419F47+537511]
GetHandleVerifier [0x01413402+510050]
Ordinal0 [0x0130F29C+1110684]
Ordinal0 [0x0131938B+1151883]
Ordinal0 [0x013194F3+1152243]
Ordinal0 [0x013183F5+1147893]
BaseThreadInitThunk [0x769FEF3C+18]
RtlInitializeExceptionChain [0x771C360C+239]
RtlInitializeExceptionChain [0x771C35DF+194]

at sun.reflect.NativeConstructorAccessorImpl.newInstance0(Native Method)
at sun.reflect.NativeConstructorAccessorImpl.newInstance(Unknown Source)
at sun.reflect.DelegatingConstructorAccessorImpl.newInstance(Unknown Source)
at java.lang.reflect.Constructor.newInstance(Unknown Source)
at org.openqa.selenium.remote.W3CHandshakeResponse.lambda$errorHandler$0(W3CHandshakeResponse.java:62)
at org.openqa.selenium.remote.HandshakeResponse.lambda$getResponseFunction$0(HandshakeResponse.java:30)
at org.openqa.selenium.remote.ProtocolHandshake.lambda$createSession$0(ProtocolHandshake.java:126)
at java.util.stream.ReferencePipeline$3$1.accept(Unknown Source)
at java.util.Spliterators$ArraySpliterator.tryAdvance(Unknown Source)
at java.util.stream.ReferencePipeline.forEachWithCancel(Unknown Source)
at java.util.stream.AbstractPipeline.copyIntoWithCancel(Unknown Source)
at java.util.stream.AbstractPipeline.copyInto(Unknown Source)
at java.util.stream.AbstractPipeline.wrapAndCopyInto(Unknown Source)
at java.util.stream.FindOps$FindOp.evaluateSequential(Unknown Source)
at java.util.stream.AbstractPipeline.evaluate(Unknown Source)
at java.util.stream.ReferencePipeline.findFirst(Unknown Source)
at org.openqa.selenium.remote.ProtocolHandshake.createSession(ProtocolHandshake.java:128)
at org.openqa.selenium.remote.ProtocolHandshake.createSession(ProtocolHandshake.java:74)
at org.openqa.selenium.remote.HttpCommandExecutor.execute(HttpCommandExecutor.java:136)
at org.openqa.selenium.remote.service.DriverCommandExecutor.execute(DriverCommandExecutor.java:83)
at org.openqa.selenium.remote.RemoteWebDriver.execute(RemoteWebDriver.java:552)
at org.openqa.selenium.remote.RemoteWebDriver.startSession(RemoteWebDriver.java:213)
at org.openqa.selenium.remote.RemoteWebDriver.<init>(RemoteWebDriver.java:131)
at org.openqa.selenium.chrome.ChromeDriver.<init>(ChromeDriver.java:181)
at org.openqa.selenium.chrome.ChromeDriver.<init>(ChromeDriver.java:168)
at org.openqa.selenium.chrome.ChromeDriver.<init>(ChromeDriver.java:123)
at p1.Frame.beforeMethod(Frame.java:103)
at sun.reflect.NativeMethodAccessorImpl.invoke0(Native Method)
at sun.reflect.NativeMethodAccessorImpl.invoke(Unknown Source)
at sun.reflect.DelegatingMethodAccessorImpl.invoke(Unknown Source)
at java.lang.reflect.Method.invoke(Unknown Source)
at org.testng.internal.MethodInvocationHelper.invokeMethod(MethodInvocationHelper.java:124)
at org.testng.internal.MethodInvocationHelper.invokeMethodConsideringTimeout(MethodInvocationHelper.java:59)
at org.testng.internal.Invoker.invokeConfigurationMethod(Invoker.java:455)
at org.testng.internal.Invoker.invokeConfigurations(Invoker.java:222)
at org.testng.internal.Invoker.invokeMethod(Invoker.java:520)
at org.testng.internal.Invoker.invokeTestMethod(Invoker.java:716)
at org.testng.internal.Invoker.invokeTestMethods(Invoker.java:988)
at org.testng.internal.TestMethodWorker.invokeTestMethods(TestMethodWorker.java:125)
at org.testng.internal.TestMethodWorker.run(TestMethodWorker.java:109)
at org.testng.TestRunner.privateRun(TestRunner.java:648)
at org.testng.TestRunner.run(TestRunner.java:505)
at org.testng.SuiteRunner.runTest(SuiteRunner.java:455)
at org.testng.SuiteRunner.runSequentially(SuiteRunner.java:450)
at org.testng.SuiteRunner.privateRun(SuiteRunner.java:415)
at org.testng.SuiteRunner.run(SuiteRunner.java:364)
at org.testng.SuiteRunnerWorker.runSuite(SuiteRunnerWorker.java:52)
at org.testng.SuiteRunnerWorker.run(SuiteRunnerWorker.java:84)
at org.testng.TestNG.runSuitesSequentially(TestNG.java:1208)
at org.testng.TestNG.runSuitesLocally(TestNG.java:1137)
at org.testng.TestNG.runSuites(TestNG.java:1049)
at org.testng.TestNG.run(TestNG.java:1017)
at org.testng.remote.AbstractRemoteTestNG.run(AbstractRemoteTestNG.java:114)
at org.testng.remote.RemoteTestNG.initAndRun(RemoteTestNG.java:251)
at org.testng.remote.RemoteTestNG.main(RemoteTestNG.java:77)
]]>
            </full-stacktrace>
          </exception> <!-- org.openqa.selenium.SessionNotCreatedException -->
          <reporter-output>
          </reporter-output>
        </test-method> <!-- tc2_4 -->
        <test-method status="SKIP" signature="tc2_5()[pri:5, instance:p1.Frame@12cc05a]" name="tc2_5" duration-ms="0" started-at="2020-02-01T03:52:07Z" finished-at="2020-02-01T03:52:07Z">
          <exception class="org.openqa.selenium.SessionNotCreatedException">
            <message>
              <![CDATA[session not created
from disconnected: received Inspector.detached event
  (Session info: chrome=79.0.3945.130)
Build info: version: '3.141.59', revision: 'e82be7d358', time: '2018-11-14T08:25:53'
System info: host: 'QAP28-PC', ip: '192.168.0.126', os.name: 'Windows 7', os.arch: 'x86', os.version: '6.1', java.version: '1.8.0_112'
Driver info: driver.version: ChromeDriver
remote stacktrace: Backtrace:
Ordinal0 [0x0137A113+1548563]
Ordinal0 [0x012FDDA1+1039777]
Ordinal0 [0x0127E485+517253]
Ordinal0 [0x012770CB+487627]
Ordinal0 [0x01276CE9+486633]
Ordinal0 [0x012765E8+484840]
Ordinal0 [0x01275D33+482611]
Ordinal0 [0x01275F65+483173]
Ordinal0 [0x0128378B+538507]
Ordinal0 [0x0127FCEA+523498]
Ordinal0 [0x0127FA45+522821]
Ordinal0 [0x0127FF4F+524111]
Ordinal0 [0x01280150+524624]
Ordinal0 [0x0122C10A+180490]
Ordinal0 [0x0122B59D+177565]
Ordinal0 [0x012295FB+169467]
Ordinal0 [0x0121160A+71178]
Ordinal0 [0x01212690+75408]
Ordinal0 [0x01212629+75305]
Ordinal0 [0x013171B7+1143223]
GetHandleVerifier [0x01412B46+507814]
GetHandleVerifier [0x01412864+507076]
GetHandleVerifier [0x01419F47+537511]
GetHandleVerifier [0x01413402+510050]
Ordinal0 [0x0130F29C+1110684]
Ordinal0 [0x0131938B+1151883]
Ordinal0 [0x013194F3+1152243]
Ordinal0 [0x013183F5+1147893]
BaseThreadInitThunk [0x769FEF3C+18]
RtlInitializeExceptionChain [0x771C360C+239]
RtlInitializeExceptionChain [0x771C35DF+194]
]]>
            </message>
            <full-stacktrace>
              <![CDATA[org.openqa.selenium.SessionNotCreatedException: session not created
from disconnected: received Inspector.detached event
  (Session info: chrome=79.0.3945.130)
Build info: version: '3.141.59', revision: 'e82be7d358', time: '2018-11-14T08:25:53'
System info: host: 'QAP28-PC', ip: '192.168.0.126', os.name: 'Windows 7', os.arch: 'x86', os.version: '6.1', java.version: '1.8.0_112'
Driver info: driver.version: ChromeDriver
remote stacktrace: Backtrace:
Ordinal0 [0x0137A113+1548563]
Ordinal0 [0x012FDDA1+1039777]
Ordinal0 [0x0127E485+517253]
Ordinal0 [0x012770CB+487627]
Ordinal0 [0x01276CE9+486633]
Ordinal0 [0x012765E8+484840]
Ordinal0 [0x01275D33+482611]
Ordinal0 [0x01275F65+483173]
Ordinal0 [0x0128378B+538507]
Ordinal0 [0x0127FCEA+523498]
Ordinal0 [0x0127FA45+522821]
Ordinal0 [0x0127FF4F+524111]
Ordinal0 [0x01280150+524624]
Ordinal0 [0x0122C10A+180490]
Ordinal0 [0x0122B59D+177565]
Ordinal0 [0x012295FB+169467]
Ordinal0 [0x0121160A+71178]
Ordinal0 [0x01212690+75408]
Ordinal0 [0x01212629+75305]
Ordinal0 [0x013171B7+1143223]
GetHandleVerifier [0x01412B46+507814]
GetHandleVerifier [0x01412864+507076]
GetHandleVerifier [0x01419F47+537511]
GetHandleVerifier [0x01413402+510050]
Ordinal0 [0x0130F29C+1110684]
Ordinal0 [0x0131938B+1151883]
Ordinal0 [0x013194F3+1152243]
Ordinal0 [0x013183F5+1147893]
BaseThreadInitThunk [0x769FEF3C+18]
RtlInitializeExceptionChain [0x771C360C+239]
RtlInitializeExceptionChain [0x771C35DF+194]

at sun.reflect.NativeConstructorAccessorImpl.newInstance0(Native Method)
at sun.reflect.NativeConstructorAccessorImpl.newInstance(Unknown Source)
at sun.reflect.DelegatingConstructorAccessorImpl.newInstance(Unknown Source)
at java.lang.reflect.Constructor.newInstance(Unknown Source)
at org.openqa.selenium.remote.W3CHandshakeResponse.lambda$errorHandler$0(W3CHandshakeResponse.java:62)
at org.openqa.selenium.remote.HandshakeResponse.lambda$getResponseFunction$0(HandshakeResponse.java:30)
at org.openqa.selenium.remote.ProtocolHandshake.lambda$createSession$0(ProtocolHandshake.java:126)
at java.util.stream.ReferencePipeline$3$1.accept(Unknown Source)
at java.util.Spliterators$ArraySpliterator.tryAdvance(Unknown Source)
at java.util.stream.ReferencePipeline.forEachWithCancel(Unknown Source)
at java.util.stream.AbstractPipeline.copyIntoWithCancel(Unknown Source)
at java.util.stream.AbstractPipeline.copyInto(Unknown Source)
at java.util.stream.AbstractPipeline.wrapAndCopyInto(Unknown Source)
at java.util.stream.FindOps$FindOp.evaluateSequential(Unknown Source)
at java.util.stream.AbstractPipeline.evaluate(Unknown Source)
at java.util.stream.ReferencePipeline.findFirst(Unknown Source)
at org.openqa.selenium.remote.ProtocolHandshake.createSession(ProtocolHandshake.java:128)
at org.openqa.selenium.remote.ProtocolHandshake.createSession(ProtocolHandshake.java:74)
at org.openqa.selenium.remote.HttpCommandExecutor.execute(HttpCommandExecutor.java:136)
at org.openqa.selenium.remote.service.DriverCommandExecutor.execute(DriverCommandExecutor.java:83)
at org.openqa.selenium.remote.RemoteWebDriver.execute(RemoteWebDriver.java:552)
at org.openqa.selenium.remote.RemoteWebDriver.startSession(RemoteWebDriver.java:213)
at org.openqa.selenium.remote.RemoteWebDriver.<init>(RemoteWebDriver.java:131)
at org.openqa.selenium.chrome.ChromeDriver.<init>(ChromeDriver.java:181)
at org.openqa.selenium.chrome.ChromeDriver.<init>(ChromeDriver.java:168)
at org.openqa.selenium.chrome.ChromeDriver.<init>(ChromeDriver.java:123)
at p1.Frame.beforeMethod(Frame.java:103)
at sun.reflect.NativeMethodAccessorImpl.invoke0(Native Method)
at sun.reflect.NativeMethodAccessorImpl.invoke(Unknown Source)
at sun.reflect.DelegatingMethodAccessorImpl.invoke(Unknown Source)
at java.lang.reflect.Method.invoke(Unknown Source)
at org.testng.internal.MethodInvocationHelper.invokeMethod(MethodInvocationHelper.java:124)
at org.testng.internal.MethodInvocationHelper.invokeMethodConsideringTimeout(MethodInvocationHelper.java:59)
at org.testng.internal.Invoker.invokeConfigurationMethod(Invoker.java:455)
at org.testng.internal.Invoker.invokeConfigurations(Invoker.java:222)
at org.testng.internal.Invoker.invokeMethod(Invoker.java:520)
at org.testng.internal.Invoker.invokeTestMethod(Invoker.java:716)
at org.testng.internal.Invoker.invokeTestMethods(Invoker.java:988)
at org.testng.internal.TestMethodWorker.invokeTestMethods(TestMethodWorker.java:125)
at org.testng.internal.TestMethodWorker.run(TestMethodWorker.java:109)
at org.testng.TestRunner.privateRun(TestRunner.java:648)
at org.testng.TestRunner.run(TestRunner.java:505)
at org.testng.SuiteRunner.runTest(SuiteRunner.java:455)
at org.testng.SuiteRunner.runSequentially(SuiteRunner.java:450)
at org.testng.SuiteRunner.privateRun(SuiteRunner.java:415)
at org.testng.SuiteRunner.run(SuiteRunner.java:364)
at org.testng.SuiteRunnerWorker.runSuite(SuiteRunnerWorker.java:52)
at org.testng.SuiteRunnerWorker.run(SuiteRunnerWorker.java:84)
at org.testng.TestNG.runSuitesSequentially(TestNG.java:1208)
at org.testng.TestNG.runSuitesLocally(TestNG.java:1137)
at org.testng.TestNG.runSuites(TestNG.java:1049)
at org.testng.TestNG.run(TestNG.java:1017)
at org.testng.remote.AbstractRemoteTestNG.run(AbstractRemoteTestNG.java:114)
at org.testng.remote.RemoteTestNG.initAndRun(RemoteTestNG.java:251)
at org.testng.remote.RemoteTestNG.main(RemoteTestNG.java:77)
]]>
            </full-stacktrace>
          </exception> <!-- org.openqa.selenium.SessionNotCreatedException -->
          <reporter-output>
          </reporter-output>
        </test-method> <!-- tc2_5 -->
        <test-method status="SKIP" signature="afterMethod()[pri:0, instance:p1.Frame@12cc05a]" name="afterMethod" is-config="true" duration-ms="0" started-at="2020-02-01T03:52:07Z" finished-at="2020-02-01T03:52:07Z">
          <reporter-output>
          </reporter-output>
        </test-method> <!-- afterMethod -->
        <test-method status="SKIP" signature="afterMethod()[pri:0, instance:p1.Frame@12cc05a]" name="afterMethod" is-config="true" duration-ms="0" started-at="2020-02-01T03:52:07Z" finished-at="2020-02-01T03:52:07Z">
          <reporter-output>
          </reporter-output>
        </test-method> <!-- afterMethod -->
        <test-method status="SKIP" signature="beforeMethod()[pri:0, instance:p1.Frame@12cc05a]" name="beforeMethod" is-config="true" duration-ms="0" started-at="2020-02-01T03:52:07Z" finished-at="2020-02-01T03:52:07Z">
          <reporter-output>
          </reporter-output>
        </test-method> <!-- beforeMethod -->
        <test-method status="SKIP" signature="afterMethod()[pri:0, instance:p1.Frame@12cc05a]" name="afterMethod" is-config="true" duration-ms="0" started-at="2020-02-01T03:52:07Z" finished-at="2020-02-01T03:52:07Z">
          <reporter-output>
          </reporter-output>
        </test-method> <!-- afterMethod -->
        <test-method status="SKIP" signature="beforeMethod()[pri:0, instance:p1.Frame@12cc05a]" name="beforeMethod" is-config="true" duration-ms="0" started-at="2020-02-01T03:52:07Z" finished-at="2020-02-01T03:52:07Z">
          <reporter-output>
          </reporter-output>
        </test-method> <!-- beforeMethod -->
        <test-method status="SKIP" signature="tc3_6()[pri:6, instance:p1.Frame@12cc05a]" name="tc3_6" duration-ms="0" started-at="2020-02-01T03:52:07Z" finished-at="2020-02-01T03:52:07Z">
          <exception class="org.openqa.selenium.SessionNotCreatedException">
            <message>
              <![CDATA[session not created
from disconnected: received Inspector.detached event
  (Session info: chrome=79.0.3945.130)
Build info: version: '3.141.59', revision: 'e82be7d358', time: '2018-11-14T08:25:53'
System info: host: 'QAP28-PC', ip: '192.168.0.126', os.name: 'Windows 7', os.arch: 'x86', os.version: '6.1', java.version: '1.8.0_112'
Driver info: driver.version: ChromeDriver
remote stacktrace: Backtrace:
Ordinal0 [0x0137A113+1548563]
Ordinal0 [0x012FDDA1+1039777]
Ordinal0 [0x0127E485+517253]
Ordinal0 [0x012770CB+487627]
Ordinal0 [0x01276CE9+486633]
Ordinal0 [0x012765E8+484840]
Ordinal0 [0x01275D33+482611]
Ordinal0 [0x01275F65+483173]
Ordinal0 [0x0128378B+538507]
Ordinal0 [0x0127FCEA+523498]
Ordinal0 [0x0127FA45+522821]
Ordinal0 [0x0127FF4F+524111]
Ordinal0 [0x01280150+524624]
Ordinal0 [0x0122C10A+180490]
Ordinal0 [0x0122B59D+177565]
Ordinal0 [0x012295FB+169467]
Ordinal0 [0x0121160A+71178]
Ordinal0 [0x01212690+75408]
Ordinal0 [0x01212629+75305]
Ordinal0 [0x013171B7+1143223]
GetHandleVerifier [0x01412B46+507814]
GetHandleVerifier [0x01412864+507076]
GetHandleVerifier [0x01419F47+537511]
GetHandleVerifier [0x01413402+510050]
Ordinal0 [0x0130F29C+1110684]
Ordinal0 [0x0131938B+1151883]
Ordinal0 [0x013194F3+1152243]
Ordinal0 [0x013183F5+1147893]
BaseThreadInitThunk [0x769FEF3C+18]
RtlInitializeExceptionChain [0x771C360C+239]
RtlInitializeExceptionChain [0x771C35DF+194]
]]>
            </message>
            <full-stacktrace>
              <![CDATA[org.openqa.selenium.SessionNotCreatedException: session not created
from disconnected: received Inspector.detached event
  (Session info: chrome=79.0.3945.130)
Build info: version: '3.141.59', revision: 'e82be7d358', time: '2018-11-14T08:25:53'
System info: host: 'QAP28-PC', ip: '192.168.0.126', os.name: 'Windows 7', os.arch: 'x86', os.version: '6.1', java.version: '1.8.0_112'
Driver info: driver.version: ChromeDriver
remote stacktrace: Backtrace:
Ordinal0 [0x0137A113+1548563]
Ordinal0 [0x012FDDA1+1039777]
Ordinal0 [0x0127E485+517253]
Ordinal0 [0x012770CB+487627]
Ordinal0 [0x01276CE9+486633]
Ordinal0 [0x012765E8+484840]
Ordinal0 [0x01275D33+482611]
Ordinal0 [0x01275F65+483173]
Ordinal0 [0x0128378B+538507]
Ordinal0 [0x0127FCEA+523498]
Ordinal0 [0x0127FA45+522821]
Ordinal0 [0x0127FF4F+524111]
Ordinal0 [0x01280150+524624]
Ordinal0 [0x0122C10A+180490]
Ordinal0 [0x0122B59D+177565]
Ordinal0 [0x012295FB+169467]
Ordinal0 [0x0121160A+71178]
Ordinal0 [0x01212690+75408]
Ordinal0 [0x01212629+75305]
Ordinal0 [0x013171B7+1143223]
GetHandleVerifier [0x01412B46+507814]
GetHandleVerifier [0x01412864+507076]
GetHandleVerifier [0x01419F47+537511]
GetHandleVerifier [0x01413402+510050]
Ordinal0 [0x0130F29C+1110684]
Ordinal0 [0x0131938B+1151883]
Ordinal0 [0x013194F3+1152243]
Ordinal0 [0x013183F5+1147893]
BaseThreadInitThunk [0x769FEF3C+18]
RtlInitializeExceptionChain [0x771C360C+239]
RtlInitializeExceptionChain [0x771C35DF+194]

at sun.reflect.NativeConstructorAccessorImpl.newInstance0(Native Method)
at sun.reflect.NativeConstructorAccessorImpl.newInstance(Unknown Source)
at sun.reflect.DelegatingConstructorAccessorImpl.newInstance(Unknown Source)
at java.lang.reflect.Constructor.newInstance(Unknown Source)
at org.openqa.selenium.remote.W3CHandshakeResponse.lambda$errorHandler$0(W3CHandshakeResponse.java:62)
at org.openqa.selenium.remote.HandshakeResponse.lambda$getResponseFunction$0(HandshakeResponse.java:30)
at org.openqa.selenium.remote.ProtocolHandshake.lambda$createSession$0(ProtocolHandshake.java:126)
at java.util.stream.ReferencePipeline$3$1.accept(Unknown Source)
at java.util.Spliterators$ArraySpliterator.tryAdvance(Unknown Source)
at java.util.stream.ReferencePipeline.forEachWithCancel(Unknown Source)
at java.util.stream.AbstractPipeline.copyIntoWithCancel(Unknown Source)
at java.util.stream.AbstractPipeline.copyInto(Unknown Source)
at java.util.stream.AbstractPipeline.wrapAndCopyInto(Unknown Source)
at java.util.stream.FindOps$FindOp.evaluateSequential(Unknown Source)
at java.util.stream.AbstractPipeline.evaluate(Unknown Source)
at java.util.stream.ReferencePipeline.findFirst(Unknown Source)
at org.openqa.selenium.remote.ProtocolHandshake.createSession(ProtocolHandshake.java:128)
at org.openqa.selenium.remote.ProtocolHandshake.createSession(ProtocolHandshake.java:74)
at org.openqa.selenium.remote.HttpCommandExecutor.execute(HttpCommandExecutor.java:136)
at org.openqa.selenium.remote.service.DriverCommandExecutor.execute(DriverCommandExecutor.java:83)
at org.openqa.selenium.remote.RemoteWebDriver.execute(RemoteWebDriver.java:552)
at org.openqa.selenium.remote.RemoteWebDriver.startSession(RemoteWebDriver.java:213)
at org.openqa.selenium.remote.RemoteWebDriver.<init>(RemoteWebDriver.java:131)
at org.openqa.selenium.chrome.ChromeDriver.<init>(ChromeDriver.java:181)
at org.openqa.selenium.chrome.ChromeDriver.<init>(ChromeDriver.java:168)
at org.openqa.selenium.chrome.ChromeDriver.<init>(ChromeDriver.java:123)
at p1.Frame.beforeMethod(Frame.java:103)
at sun.reflect.NativeMethodAccessorImpl.invoke0(Native Method)
at sun.reflect.NativeMethodAccessorImpl.invoke(Unknown Source)
at sun.reflect.DelegatingMethodAccessorImpl.invoke(Unknown Source)
at java.lang.reflect.Method.invoke(Unknown Source)
at org.testng.internal.MethodInvocationHelper.invokeMethod(MethodInvocationHelper.java:124)
at org.testng.internal.MethodInvocationHelper.invokeMethodConsideringTimeout(MethodInvocationHelper.java:59)
at org.testng.internal.Invoker.invokeConfigurationMethod(Invoker.java:455)
at org.testng.internal.Invoker.invokeConfigurations(Invoker.java:222)
at org.testng.internal.Invoker.invokeMethod(Invoker.java:520)
at org.testng.internal.Invoker.invokeTestMethod(Invoker.java:716)
at org.testng.internal.Invoker.invokeTestMethods(Invoker.java:988)
at org.testng.internal.TestMethodWorker.invokeTestMethods(TestMethodWorker.java:125)
at org.testng.internal.TestMethodWorker.run(TestMethodWorker.java:109)
at org.testng.TestRunner.privateRun(TestRunner.java:648)
at org.testng.TestRunner.run(TestRunner.java:505)
at org.testng.SuiteRunner.runTest(SuiteRunner.java:455)
at org.testng.SuiteRunner.runSequentially(SuiteRunner.java:450)
at org.testng.SuiteRunner.privateRun(SuiteRunner.java:415)
at org.testng.SuiteRunner.run(SuiteRunner.java:364)
at org.testng.SuiteRunnerWorker.runSuite(SuiteRunnerWorker.java:52)
at org.testng.SuiteRunnerWorker.run(SuiteRunnerWorker.java:84)
at org.testng.TestNG.runSuitesSequentially(TestNG.java:1208)
at org.testng.TestNG.runSuitesLocally(TestNG.java:1137)
at org.testng.TestNG.runSuites(TestNG.java:1049)
at org.testng.TestNG.run(TestNG.java:1017)
at org.testng.remote.AbstractRemoteTestNG.run(AbstractRemoteTestNG.java:114)
at org.testng.remote.RemoteTestNG.initAndRun(RemoteTestNG.java:251)
at org.testng.remote.RemoteTestNG.main(RemoteTestNG.java:77)
]]>
            </full-stacktrace>
          </exception> <!-- org.openqa.selenium.SessionNotCreatedException -->
          <reporter-output>
          </reporter-output>
        </test-method> <!-- tc3_6 -->
        <test-method status="SKIP" signature="afterMethod()[pri:0, instance:p1.Frame@12cc05a]" name="afterMethod" is-config="true" duration-ms="0" started-at="2020-02-01T03:52:07Z" finished-at="2020-02-01T03:52:07Z">
          <reporter-output>
          </reporter-output>
        </test-method> <!-- afterMethod -->
      </class> <!-- p1.Frame -->
    </test> <!-- Default test -->
  </suite> <!-- Default suite -->
</testng-results>
