<?xml version="1.0" encoding="UTF-8"?>
<!-- Generated by org.testng.reporters.JUnitXMLReporter -->
<testsuite hostname="QAP28-PC" ignored="0" name="Default test" tests="6" failures="0" timestamp="01 Feb 2020 03:52:07 GMT" time="23.077" errors="0">
  <testcase name="@BeforeMethod beforeMethod" time="22.873" classname="p1.Frame">
    <failure type="org.openqa.selenium.SessionNotCreatedException" message="session not created
from disconnected: received Inspector.detached event
  (Session info: chrome=79.0.3945.130)
Build info: version: &amp;apos;3.141.59&amp;apos;, revision: &amp;apos;e82be7d358&amp;apos;, time: &amp;apos;2018-11-14T08:25:53&amp;apos;
System info: host: &amp;apos;QAP28-PC&amp;apos;, ip: &amp;apos;192.168.0.126&amp;apos;, os.name: &amp;apos;Windows 7&amp;apos;, os.arch: &amp;apos;x86&amp;apos;, os.version: &amp;apos;6.1&amp;apos;, java.version: &amp;apos;1.8.0_112&amp;apos;
Driver info: driver.version: ChromeDriver
remote stacktrace: Backtrace:
	Ordinal0 [0x0137A113+1548563]
	Ordinal0 [0x012FDDA1+1039777]
	Ordinal0 [0x0127E485+517253]
	Ordinal0 [0x012770CB+487627]
	Ordinal0 [0x01276CE9+486633]
	Ordinal0 [0x012765E8+484840]
	Ordinal0 [0x01275D33+482611]
	Ordinal0 [0x01275F65+483173]
	Ordinal0 [0x0128378B+538507]
	Ordinal0 [0x0127FCEA+523498]
	Ordinal0 [0x0127FA45+522821]
	Ordinal0 [0x0127FF4F+524111]
	Ordinal0 [0x01280150+524624]
	Ordinal0 [0x0122C10A+180490]
	Ordinal0 [0x0122B59D+177565]
	Ordinal0 [0x012295FB+169467]
	Ordinal0 [0x0121160A+71178]
	Ordinal0 [0x01212690+75408]
	Ordinal0 [0x01212629+75305]
	Ordinal0 [0x013171B7+1143223]
	GetHandleVerifier [0x01412B46+507814]
	GetHandleVerifier [0x01412864+507076]
	GetHandleVerifier [0x01419F47+537511]
	GetHandleVerifier [0x01413402+510050]
	Ordinal0 [0x0130F29C+1110684]
	Ordinal0 [0x0131938B+1151883]
	Ordinal0 [0x013194F3+1152243]
	Ordinal0 [0x013183F5+1147893]
	BaseThreadInitThunk [0x769FEF3C+18]
	RtlInitializeExceptionChain [0x771C360C+239]
	RtlInitializeExceptionChain [0x771C35DF+194]
">
      <![CDATA[org.openqa.selenium.SessionNotCreatedException: session not created
from disconnected: received Inspector.detached event
  (Session info: chrome=79.0.3945.130)
Build info: version: '3.141.59', revision: 'e82be7d358', time: '2018-11-14T08:25:53'
System info: host: 'QAP28-PC', ip: '192.168.0.126', os.name: 'Windows 7', os.arch: 'x86', os.version: '6.1', java.version: '1.8.0_112'
Driver info: driver.version: ChromeDriver
remote stacktrace: Backtrace:
Ordinal0 [0x0137A113+1548563]
Ordinal0 [0x012FDDA1+1039777]
Ordinal0 [0x0127E485+517253]
Ordinal0 [0x012770CB+487627]
Ordinal0 [0x01276CE9+486633]
Ordinal0 [0x012765E8+484840]
Ordinal0 [0x01275D33+482611]
Ordinal0 [0x01275F65+483173]
Ordinal0 [0x0128378B+538507]
Ordinal0 [0x0127FCEA+523498]
Ordinal0 [0x0127FA45+522821]
Ordinal0 [0x0127FF4F+524111]
Ordinal0 [0x01280150+524624]
Ordinal0 [0x0122C10A+180490]
Ordinal0 [0x0122B59D+177565]
Ordinal0 [0x012295FB+169467]
Ordinal0 [0x0121160A+71178]
Ordinal0 [0x01212690+75408]
Ordinal0 [0x01212629+75305]
Ordinal0 [0x013171B7+1143223]
GetHandleVerifier [0x01412B46+507814]
GetHandleVerifier [0x01412864+507076]
GetHandleVerifier [0x01419F47+537511]
GetHandleVerifier [0x01413402+510050]
Ordinal0 [0x0130F29C+1110684]
Ordinal0 [0x0131938B+1151883]
Ordinal0 [0x013194F3+1152243]
Ordinal0 [0x013183F5+1147893]
BaseThreadInitThunk [0x769FEF3C+18]
RtlInitializeExceptionChain [0x771C360C+239]
RtlInitializeExceptionChain [0x771C35DF+194]

at sun.reflect.NativeConstructorAccessorImpl.newInstance0(Native Method)
at sun.reflect.NativeConstructorAccessorImpl.newInstance(Unknown Source)
at sun.reflect.DelegatingConstructorAccessorImpl.newInstance(Unknown Source)
at java.lang.reflect.Constructor.newInstance(Unknown Source)
at org.openqa.selenium.remote.W3CHandshakeResponse.lambda$errorHandler$0(W3CHandshakeResponse.java:62)
at org.openqa.selenium.remote.HandshakeResponse.lambda$getResponseFunction$0(HandshakeResponse.java:30)
at org.openqa.selenium.remote.ProtocolHandshake.lambda$createSession$0(ProtocolHandshake.java:126)
at java.util.stream.ReferencePipeline$3$1.accept(Unknown Source)
at java.util.Spliterators$ArraySpliterator.tryAdvance(Unknown Source)
at java.util.stream.ReferencePipeline.forEachWithCancel(Unknown Source)
at java.util.stream.AbstractPipeline.copyIntoWithCancel(Unknown Source)
at java.util.stream.AbstractPipeline.copyInto(Unknown Source)
at java.util.stream.AbstractPipeline.wrapAndCopyInto(Unknown Source)
at java.util.stream.FindOps$FindOp.evaluateSequential(Unknown Source)
at java.util.stream.AbstractPipeline.evaluate(Unknown Source)
at java.util.stream.ReferencePipeline.findFirst(Unknown Source)
at org.openqa.selenium.remote.ProtocolHandshake.createSession(ProtocolHandshake.java:128)
at org.openqa.selenium.remote.ProtocolHandshake.createSession(ProtocolHandshake.java:74)
at org.openqa.selenium.remote.HttpCommandExecutor.execute(HttpCommandExecutor.java:136)
at org.openqa.selenium.remote.service.DriverCommandExecutor.execute(DriverCommandExecutor.java:83)
at org.openqa.selenium.remote.RemoteWebDriver.execute(RemoteWebDriver.java:552)
at org.openqa.selenium.remote.RemoteWebDriver.startSession(RemoteWebDriver.java:213)
at org.openqa.selenium.remote.RemoteWebDriver.<init>(RemoteWebDriver.java:131)
at org.openqa.selenium.chrome.ChromeDriver.<init>(ChromeDriver.java:181)
at org.openqa.selenium.chrome.ChromeDriver.<init>(ChromeDriver.java:168)
at org.openqa.selenium.chrome.ChromeDriver.<init>(ChromeDriver.java:123)
at p1.Frame.beforeMethod(Frame.java:103)
at sun.reflect.NativeMethodAccessorImpl.invoke0(Native Method)
at sun.reflect.NativeMethodAccessorImpl.invoke(Unknown Source)
at sun.reflect.DelegatingMethodAccessorImpl.invoke(Unknown Source)
at java.lang.reflect.Method.invoke(Unknown Source)
at org.testng.internal.MethodInvocationHelper.invokeMethod(MethodInvocationHelper.java:124)
at org.testng.internal.MethodInvocationHelper.invokeMethodConsideringTimeout(MethodInvocationHelper.java:59)
at org.testng.internal.Invoker.invokeConfigurationMethod(Invoker.java:455)
at org.testng.internal.Invoker.invokeConfigurations(Invoker.java:222)
at org.testng.internal.Invoker.invokeMethod(Invoker.java:520)
at org.testng.internal.Invoker.invokeTestMethod(Invoker.java:716)
at org.testng.internal.Invoker.invokeTestMethods(Invoker.java:988)
at org.testng.internal.TestMethodWorker.invokeTestMethods(TestMethodWorker.java:125)
at org.testng.internal.TestMethodWorker.run(TestMethodWorker.java:109)
at org.testng.TestRunner.privateRun(TestRunner.java:648)
at org.testng.TestRunner.run(TestRunner.java:505)
at org.testng.SuiteRunner.runTest(SuiteRunner.java:455)
at org.testng.SuiteRunner.runSequentially(SuiteRunner.java:450)
at org.testng.SuiteRunner.privateRun(SuiteRunner.java:415)
at org.testng.SuiteRunner.run(SuiteRunner.java:364)
at org.testng.SuiteRunnerWorker.runSuite(SuiteRunnerWorker.java:52)
at org.testng.SuiteRunnerWorker.run(SuiteRunnerWorker.java:84)
at org.testng.TestNG.runSuitesSequentially(TestNG.java:1208)
at org.testng.TestNG.runSuitesLocally(TestNG.java:1137)
at org.testng.TestNG.runSuites(TestNG.java:1049)
at org.testng.TestNG.run(TestNG.java:1017)
at org.testng.remote.AbstractRemoteTestNG.run(AbstractRemoteTestNG.java:114)
at org.testng.remote.RemoteTestNG.initAndRun(RemoteTestNG.java:251)
at org.testng.remote.RemoteTestNG.main(RemoteTestNG.java:77)
]]>
    </failure>
  </testcase> <!-- @BeforeMethod beforeMethod -->
  <testcase name="@AfterMethod afterMethod" time="0.0" classname="p1.Frame">
    <skipped/>
  </testcase> <!-- @AfterMethod afterMethod -->
  <testcase name="@BeforeMethod beforeMethod" time="0.0" classname="p1.Frame">
    <skipped/>
  </testcase> <!-- @BeforeMethod beforeMethod -->
  <testcase name="@AfterMethod afterMethod" time="0.0" classname="p1.Frame">
    <skipped/>
  </testcase> <!-- @AfterMethod afterMethod -->
  <testcase name="@BeforeMethod beforeMethod" time="0.0" classname="p1.Frame">
    <skipped/>
  </testcase> <!-- @BeforeMethod beforeMethod -->
  <testcase name="@AfterMethod afterMethod" time="0.0" classname="p1.Frame">
    <skipped/>
  </testcase> <!-- @AfterMethod afterMethod -->
  <testcase name="@BeforeMethod beforeMethod" time="0.0" classname="p1.Frame">
    <skipped/>
  </testcase> <!-- @BeforeMethod beforeMethod -->
  <testcase name="@AfterMethod afterMethod" time="0.0" classname="p1.Frame">
    <skipped/>
  </testcase> <!-- @AfterMethod afterMethod -->
  <testcase name="@BeforeMethod beforeMethod" time="0.0" classname="p1.Frame">
    <skipped/>
  </testcase> <!-- @BeforeMethod beforeMethod -->
  <testcase name="@AfterMethod afterMethod" time="0.0" classname="p1.Frame">
    <skipped/>
  </testcase> <!-- @AfterMethod afterMethod -->
  <testcase name="@BeforeMethod beforeMethod" time="0.0" classname="p1.Frame">
    <skipped/>
  </testcase> <!-- @BeforeMethod beforeMethod -->
  <testcase name="@AfterMethod afterMethod" time="0.0" classname="p1.Frame">
    <skipped/>
  </testcase> <!-- @AfterMethod afterMethod -->
  <testcase name="tc2_1" time="0.0" classname="p1.Frame">
    <skipped/>
  </testcase> <!-- tc2_1 -->
  <testcase name="tc2_2" time="0.0" classname="p1.Frame">
    <skipped/>
  </testcase> <!-- tc2_2 -->
  <testcase name="tc2_3" time="0.0" classname="p1.Frame">
    <skipped/>
  </testcase> <!-- tc2_3 -->
  <testcase name="tc2_4" time="0.0" classname="p1.Frame">
    <skipped/>
  </testcase> <!-- tc2_4 -->
  <testcase name="tc2_5" time="0.0" classname="p1.Frame">
    <skipped/>
  </testcase> <!-- tc2_5 -->
  <testcase name="tc3_6" time="0.0" classname="p1.Frame">
    <skipped/>
  </testcase> <!-- tc3_6 -->
</testsuite> <!-- Default test -->
